#
# There is insufficient memory for the Java Runtime Environment to continue.
# Native memory allocation (mmap) failed to map 2097152 bytes. Error detail: G1 virtual space
# Possible reasons:
#   The system is out of physical RAM or swap space
#   This process is running with CompressedOops enabled, and the Java Heap may be blocking the growth of the native heap
# Possible solutions:
#   Reduce memory load on the system
#   Increase physical memory or swap space
#   Check if swap backing store is full
#   Decrease Java heap size (-Xmx/-Xms)
#   Decrease number of Java threads
#   Decrease Java thread stack sizes (-Xss)
#   Set larger code cache with -XX:ReservedCodeCacheSize=
#   JVM is running with Unscaled Compressed Oops mode in which the Java heap is
#     placed in the first 4GB address space. The Java Heap base address is the
#     maximum limit for the native heap growth. Please use -XX:HeapBaseMinAddress
#     to set the Java Heap base and to place the Java Heap above 4GB virtual address.
# This output file may be truncated or incomplete.
#
#  Out of Memory Error (os_windows.cpp:3631), pid=17076, tid=12568
#
# JRE version: OpenJDK Runtime Environment (22.0.1+8) (build 22.0.1+8-16)
# Java VM: OpenJDK 64-Bit Server VM (22.0.1+8-16, mixed mode, emulated-client, sharing, tiered, compressed oops, compressed class ptrs, g1 gc, windows-amd64)
# No core dump will be written. Minidumps are not enabled by default on client versions of Windows
#

---------------  S U M M A R Y ------------

Command Line: -XX:TieredStopAtLevel=1 -Dspring.output.ansi.enabled=always -Dcom.sun.management.jmxremote -Dspring.jmx.enabled=true -Dspring.liveBeansView.mbeanDomain -Dspring.application.admin.enabled=true -Dmanagement.endpoints.jmx.exposure.include=* -javaagent:C:\Users\hp\AppData\Local\JetBrains\IntelliJ IDEA 2024.3\lib\idea_rt.jar=62001:C:\Users\hp\AppData\Local\JetBrains\IntelliJ IDEA 2024.3\bin -Dfile.encoding=UTF-8 -Dsun.stdout.encoding=UTF-8 -Dsun.stderr.encoding=UTF-8 ma.emsi.testautomation.TestautomationApplication

Host: Intel(R) Core(TM) i5-8265U CPU @ 1.60GHz, 8 cores, 3G,  Windows 11 , 64 bit Build 26100 (10.0.26100.4202)
Time: Mon Jun 23 21:29:58 2025 Maroc (heure d64 bit Build 26100 (10.0.26100.4202) elapsed time: 59.342027 seconds (0d 0h 0m 59s)

---------------  T H R E A D  ---------------

Current thread (0x000001aefd61bfe0):  VMThread "VM Thread"          [id=12568, stack(0x0000007889000000,0x0000007889100000) (1024K)]

Stack: [0x0000007889000000,0x0000007889100000]
Native frames: (J=compiled Java code, j=interpreted, Vv=VM code, C=native code)
V  [jvm.dll+0x6e2279]  (no source info available)
V  [jvm.dll+0x874e33]  (no source info available)
V  [jvm.dll+0x87725e]  (no source info available)
V  [jvm.dll+0x877933]  (no source info available)
V  [jvm.dll+0x27fd76]  (no source info available)
V  [jvm.dll+0x6de915]  (no source info available)
V  [jvm.dll+0x6d341a]  (no source info available)
V  [jvm.dll+0x3589da]  (no source info available)
V  [jvm.dll+0x360f06]  (no source info available)
V  [jvm.dll+0x3b3e2e]  (no source info available)
V  [jvm.dll+0x3b40d8]  (no source info available)
V  [jvm.dll+0x32c59c]  (no source info available)
V  [jvm.dll+0x32eef6]  (no source info available)
V  [jvm.dll+0x3391c1]  (no source info available)
V  [jvm.dll+0x370365]  (no source info available)
V  [jvm.dll+0x87d7d0]  (no source info available)
V  [jvm.dll+0x87eb57]  (no source info available)
V  [jvm.dll+0x87f0d0]  (no source info available)
V  [jvm.dll+0x87f373]  (no source info available)
V  [jvm.dll+0x81d44b]  (no source info available)
V  [jvm.dll+0x6e0915]  (no source info available)
C  [ucrtbase.dll+0x37b0]  (no source info available)
C  [KERNEL32.DLL+0x2e8d7]  (no source info available)
C  [ntdll.dll+0x3c34c]  (no source info available)

VM_Operation (0x0000007888bff9e0): G1PauseRemark, mode: safepoint, requested by thread 0x000001aeec4b36d0


---------------  P R O C E S S  ---------------

Threads class SMR info:
_java_thread_list=0x000001aeca1cd3f0, length=24, elements={
0x000001aeec2072c0, 0x000001aefd6373b0, 0x000001aefd638d30, 0x000001aefd63e370,
0x000001aefd640de0, 0x000001aefd6434e0, 0x000001aefd6519e0, 0x000001aefd653160,
0x000001aefd6070c0, 0x000001aec579c2e0, 0x000001aec579fa90, 0x000001aec5a86860,
0x000001aec5b0c360, 0x000001aec5ad7100, 0x000001aec5ad9420, 0x000001aec671dd80,
0x000001aec671c340, 0x000001aec671b620, 0x000001aec671c9d0, 0x000001aec671e410,
0x000001aec671d060, 0x000001aec671bcb0, 0x000001aec671d6f0, 0x000001aec894ba00
}

Java Threads: ( => current thread )
  0x000001aeec2072c0 JavaThread "main"                              [_thread_blocked, id=13588, stack(0x0000007888900000,0x0000007888a00000) (1024K)]
  0x000001aefd6373b0 JavaThread "Reference Handler"          daemon [_thread_blocked, id=16524, stack(0x0000007889100000,0x0000007889200000) (1024K)]
  0x000001aefd638d30 JavaThread "Finalizer"                  daemon [_thread_blocked, id=9700, stack(0x0000007889200000,0x0000007889300000) (1024K)]
  0x000001aefd63e370 JavaThread "Signal Dispatcher"          daemon [_thread_blocked, id=5152, stack(0x0000007889300000,0x0000007889400000) (1024K)]
  0x000001aefd640de0 JavaThread "Attach Listener"            daemon [_thread_blocked, id=16680, stack(0x0000007889400000,0x0000007889500000) (1024K)]
  0x000001aefd6434e0 JavaThread "Service Thread"             daemon [_thread_blocked, id=2724, stack(0x0000007889500000,0x0000007889600000) (1024K)]
  0x000001aefd6519e0 JavaThread "Monitor Deflation Thread"   daemon [_thread_blocked, id=4600, stack(0x0000007889600000,0x0000007889700000) (1024K)]
  0x000001aefd653160 JavaThread "C1 CompilerThread0"         daemon [_thread_blocked, id=11652, stack(0x0000007889700000,0x0000007889800000) (1024K)]
  0x000001aefd6070c0 JavaThread "Common-Cleaner"             daemon [_thread_blocked, id=744, stack(0x0000007889800000,0x0000007889900000) (1024K)]
  0x000001aec579c2e0 JavaThread "Monitor Ctrl-Break"         daemon [_thread_in_native, id=6400, stack(0x0000007889b00000,0x0000007889c00000) (1024K)]
  0x000001aec579fa90 JavaThread "Notification Thread"        daemon [_thread_blocked, id=12700, stack(0x0000007889c00000,0x0000007889d00000) (1024K)]
  0x000001aec5a86860 JavaThread "RMI TCP Accept-0"           daemon [_thread_in_native, id=12968, stack(0x0000007889d00000,0x0000007889e00000) (1024K)]
  0x000001aec5b0c360 JavaThread "RMI TCP Connection(1)-192.168.186.1" daemon [_thread_blocked, id=10784, stack(0x0000007889e00000,0x0000007889f00000) (1024K)]
  0x000001aec5ad7100 JavaThread "RMI Scheduler(0)"           daemon [_thread_blocked, id=7272, stack(0x0000007889f00000,0x000000788a000000) (1024K)]
  0x000001aec5ad9420 JavaThread "JMX server connection timeout 26" daemon [_thread_blocked, id=16596, stack(0x000000788a000000,0x000000788a100000) (1024K)]
  0x000001aec671dd80 JavaThread "Thread-0"                          [_thread_blocked, id=17984, stack(0x000000788a900000,0x000000788aa00000) (1024K)]
  0x000001aec671c340 JavaThread "restartedMain"                     [_thread_blocked, id=18672, stack(0x000000788aa00000,0x000000788ab00000) (1024K)]
  0x000001aec671b620 JavaThread "RMI TCP Connection(idle)"   daemon [_thread_blocked, id=19912, stack(0x000000788ad00000,0x000000788ae00000) (1024K)]
  0x000001aec671c9d0 JavaThread "RMI TCP Connection(3)-192.168.186.1" daemon [_thread_blocked, id=1840, stack(0x0000007889900000,0x0000007889a00000) (1024K)]
  0x000001aec671e410 JavaThread "Catalina-utility-1"                [_thread_blocked, id=17352, stack(0x000000788af00000,0x000000788b000000) (1024K)]
  0x000001aec671d060 JavaThread "Catalina-utility-2"                [_thread_blocked, id=16308, stack(0x000000788b000000,0x000000788b100000) (1024K)]
  0x000001aec671bcb0 JavaThread "container-0"                       [_thread_blocked, id=5716, stack(0x000000788b100000,0x000000788b200000) (1024K)]
  0x000001aec671d6f0 JavaThread "mysql-cj-abandoned-connection-cleanup" daemon [_thread_blocked, id=5640, stack(0x000000788b200000,0x000000788b300000) (1024K)]
  0x000001aec894ba00 JavaThread "HikariPool-1 housekeeper"   daemon [_thread_blocked, id=12156, stack(0x000000788b400000,0x000000788b500000) (1024K)]
Total: 24

Other Threads:
=>0x000001aefd61bfe0 VMThread "VM Thread"                           [id=12568, stack(0x0000007889000000,0x0000007889100000) (1024K)]
  0x000001aefd605130 WatcherThread "VM Periodic Task Thread"        [id=13908, stack(0x0000007888f00000,0x0000007889000000) (1024K)]
  0x000001aeec4a9420 WorkerThread "GC Thread#0"                     [id=15960, stack(0x0000007888a00000,0x0000007888b00000) (1024K)]
  0x000001aec5b58160 WorkerThread "GC Thread#1"                     [id=15036, stack(0x000000788a100000,0x000000788a200000) (1024K)]
  0x000001aec5b747b0 WorkerThread "GC Thread#2"                     [id=15520, stack(0x000000788a200000,0x000000788a300000) (1024K)]
  0x000001aec5b75370 WorkerThread "GC Thread#3"                     [id=14672, stack(0x000000788a300000,0x000000788a400000) (1024K)]
  0x000001aec5b75f30 WorkerThread "GC Thread#4"                     [id=15232, stack(0x000000788a400000,0x000000788a500000) (1024K)]
  0x000001aec5b76b00 WorkerThread "GC Thread#5"                     [id=5260, stack(0x000000788a500000,0x000000788a600000) (1024K)]
  0x000001aec5b88ee0 WorkerThread "GC Thread#6"                     [id=2456, stack(0x000000788a600000,0x000000788a700000) (1024K)]
  0x000001aec5b89710 WorkerThread "GC Thread#7"                     [id=6932, stack(0x000000788a700000,0x000000788a800000) (1024K)]
  0x000001aeec4b36d0 ConcurrentGCThread "G1 Main Marker"            [id=13136, stack(0x0000007888b00000,0x0000007888c00000) (1024K)]
  0x000001aeec4b4890 WorkerThread "G1 Conc#0"                       [id=1740, stack(0x0000007888c00000,0x0000007888d00000) (1024K)]
  0x000001aec718ea00 WorkerThread "G1 Conc#1"                       [id=9584, stack(0x000000788ae00000,0x000000788af00000) (1024K)]
  0x000001aefd4e10a0 ConcurrentGCThread "G1 Refine#0"               [id=1292, stack(0x0000007888d00000,0x0000007888e00000) (1024K)]
  0x000001aefd4e1b30 ConcurrentGCThread "G1 Service"                [id=12552, stack(0x0000007888e00000,0x0000007888f00000) (1024K)]
Total: 15

Threads with active compile tasks:
Total: 0

VM state: at safepoint (normal execution)

VM Mutex/Monitor currently owned by a thread:  ([mutex/lock_event])
[0x00007ffff8bdbbb8] Threads_lock - owner thread: 0x000001aefd61bfe0
[0x00007ffff8bdbcb8] Heap_lock - owner thread: 0x000001aeec4b36d0

Heap address: 0x00000000c1c00000, size: 996 MB, Compressed Oops mode: 32-bit

CDS archive(s) mapped at: [0x000001ae80000000-0x000001ae80c50000-0x000001ae80c50000), size 12910592, SharedBaseAddress: 0x000001ae80000000, ArchiveRelocationMode: 1.
Compressed class space mapped at: 0x000001ae81000000-0x000001aec1000000, reserved size: 1073741824
Narrow klass base: 0x000001ae80000000, Narrow klass shift: 0, Narrow klass range: 0x41000000

GC Precious Log:
 CardTable entry size: 512
 Card Set container configuration: InlinePtr #cards 5 size 8 Array Of Cards #cards 12 size 40 Howl #buckets 4 coarsen threshold 1843 Howl Bitmap #cards 512 size 80 coarsen threshold 460 Card regions per heap region 1 cards per card region 2048
 CPUs: 8 total, 8 available
 Memory: 3982M
 Large Page Support: Disabled
 NUMA Support: Disabled
 Compressed Oops: Enabled (32-bit)
 Heap Region Size: 1M
 Heap Min Capacity: 8M
 Heap Initial Capacity: 64M
 Heap Max Capacity: 996M
 Pre-touch: Disabled
 Parallel Workers: 8
 Concurrent Workers: 2
 Concurrent Refinement Workers: 8
 Periodic GC: Disabled

Heap:
 garbage-first heap   total reserved 1019904K, committed 61440K, used 36816K [0x00000000c1c00000, 0x0000000100000000)
  region size 1024K, 3 young (3072K), 2 survivors (2048K)
 Metaspace       used 69864K, committed 70656K, reserved 1114112K
  class space    used 10077K, committed 10432K, reserved 1048576K

Heap Regions: E=young(eden), S=young(survivor), O=old, HS=humongous(starts), HC=humongous(continues), CS=collection set, F=free, TAMS=top-at-mark-start, PB=parsable bottom
|   0|0x00000000c1c00000, 0x00000000c1d00000, 0x00000000c1d00000|100%|HS|  |TAMS 0x00000000c1d00000| PB 0x00000000c1c00000| Complete |  0
|   1|0x00000000c1d00000, 0x00000000c1e00000, 0x00000000c1e00000|100%|HS|  |TAMS 0x00000000c1e00000| PB 0x00000000c1d00000| Complete |  0
|   2|0x00000000c1e00000, 0x00000000c1f00000, 0x00000000c1f00000|100%| O|  |TAMS 0x00000000c1f00000| PB 0x00000000c1f00000| Untracked |  0
|   3|0x00000000c1f00000, 0x00000000c2000000, 0x00000000c2000000|100%| O|  |TAMS 0x00000000c2000000| PB 0x00000000c2000000| Untracked |  0
|   4|0x00000000c2000000, 0x00000000c2100000, 0x00000000c2100000|100%| O|  |TAMS 0x00000000c2100000| PB 0x00000000c2100000| Untracked |  0
|   5|0x00000000c2100000, 0x00000000c2200000, 0x00000000c2200000|100%| O|  |TAMS 0x00000000c2200000| PB 0x00000000c2200000| Untracked |  0
|   6|0x00000000c2200000, 0x00000000c2300000, 0x00000000c2300000|100%| O|  |TAMS 0x00000000c2300000| PB 0x00000000c2300000| Untracked |  0
|   7|0x00000000c2300000, 0x00000000c2400000, 0x00000000c2400000|100%| O|  |TAMS 0x00000000c2400000| PB 0x00000000c2400000| Untracked |  0
|   8|0x00000000c2400000, 0x00000000c2500000, 0x00000000c2500000|100%| O|  |TAMS 0x00000000c2500000| PB 0x00000000c2500000| Updating |  0
|   9|0x00000000c2500000, 0x00000000c2600000, 0x00000000c2600000|100%| O|  |TAMS 0x00000000c2600000| PB 0x00000000c2600000| Untracked |  0
|  10|0x00000000c2600000, 0x00000000c2700000, 0x00000000c2700000|100%| O|  |TAMS 0x00000000c2700000| PB 0x00000000c2700000| Untracked |  0
|  11|0x00000000c2700000, 0x00000000c2800000, 0x00000000c2800000|100%| O|  |TAMS 0x00000000c2800000| PB 0x00000000c2800000| Untracked |  0
|  12|0x00000000c2800000, 0x00000000c2900000, 0x00000000c2900000|100%| O|  |TAMS 0x00000000c2900000| PB 0x00000000c2900000| Updating |  0
|  13|0x00000000c2900000, 0x00000000c2a00000, 0x00000000c2a00000|100%| O|  |TAMS 0x00000000c2a00000| PB 0x00000000c2a00000| Untracked |  0
|  14|0x00000000c2a00000, 0x00000000c2b00000, 0x00000000c2b00000|100%| O|  |TAMS 0x00000000c2b00000| PB 0x00000000c2b00000| Updating |  0
|  15|0x00000000c2b00000, 0x00000000c2c00000, 0x00000000c2c00000|100%| O|  |TAMS 0x00000000c2c00000| PB 0x00000000c2c00000| Updating |  0
|  16|0x00000000c2c00000, 0x00000000c2d00000, 0x00000000c2d00000|100%| O|  |TAMS 0x00000000c2d00000| PB 0x00000000c2d00000| Updating |  0
|  17|0x00000000c2d00000, 0x00000000c2e00000, 0x00000000c2e00000|100%| O|  |TAMS 0x00000000c2e00000| PB 0x00000000c2e00000| Untracked |  0
|  18|0x00000000c2e00000, 0x00000000c2f00000, 0x00000000c2f00000|100%| O|  |TAMS 0x00000000c2f00000| PB 0x00000000c2f00000| Updating |  0
|  19|0x00000000c2f00000, 0x00000000c3000000, 0x00000000c3000000|100%| O|  |TAMS 0x00000000c3000000| PB 0x00000000c3000000| Updating |  0
|  20|0x00000000c3000000, 0x00000000c3100000, 0x00000000c3100000|100%| O|  |TAMS 0x00000000c3100000| PB 0x00000000c3100000| Updating |  0
|  21|0x00000000c3100000, 0x00000000c3200000, 0x00000000c3200000|100%| O|  |TAMS 0x00000000c3100000| PB 0x00000000c3100000| Untracked |  0
|  22|0x00000000c3200000, 0x00000000c3300000, 0x00000000c3300000|100%| O|  |TAMS 0x00000000c3300000| PB 0x00000000c3300000| Untracked |  0
|  23|0x00000000c3300000, 0x00000000c3400000, 0x00000000c3400000|100%| O|  |TAMS 0x00000000c3400000| PB 0x00000000c3400000| Updating |  0
|  24|0x00000000c3400000, 0x00000000c3500000, 0x00000000c3500000|100%| O|  |TAMS 0x00000000c3500000| PB 0x00000000c3500000| Updating |  0
|  25|0x00000000c3500000, 0x00000000c3600000, 0x00000000c3600000|100%| O|  |TAMS 0x00000000c3500000| PB 0x00000000c3500000| Untracked |  0
|  26|0x00000000c3600000, 0x00000000c3700000, 0x00000000c3700000|100%| O|  |TAMS 0x00000000c3700000| PB 0x00000000c3700000| Untracked |  0
|  27|0x00000000c3700000, 0x00000000c3800000, 0x00000000c3800000|100%| O|  |TAMS 0x00000000c3800000| PB 0x00000000c3800000| Updating |  0
|  28|0x00000000c3800000, 0x00000000c3900000, 0x00000000c3900000|100%| O|  |TAMS 0x00000000c3900000| PB 0x00000000c3900000| Untracked |  0
|  29|0x00000000c3900000, 0x00000000c3a00000, 0x00000000c3a00000|100%| O|  |TAMS 0x00000000c3a00000| PB 0x00000000c3a00000| Untracked |  0
|  30|0x00000000c3a00000, 0x00000000c3b00000, 0x00000000c3b00000|100%| O|  |TAMS 0x00000000c3b00000| PB 0x00000000c3b00000| Untracked |  0
|  31|0x00000000c3b00000, 0x00000000c3c00000, 0x00000000c3c00000|100%| O|  |TAMS 0x00000000c3c00000| PB 0x00000000c3c00000| Untracked |  0
|  32|0x00000000c3c00000, 0x00000000c3d00000, 0x00000000c3d00000|100%| O|  |TAMS 0x00000000c3cf7ee0| PB 0x00000000c3cf7ee0| Updating |  0
|  33|0x00000000c3d00000, 0x00000000c3e00000, 0x00000000c3e00000|100%| O|  |TAMS 0x00000000c3d00000| PB 0x00000000c3d00000| Untracked |  0
|  34|0x00000000c3e00000, 0x00000000c3e00000, 0x00000000c3f00000|  0%| F|  |TAMS 0x00000000c3e00000| PB 0x00000000c3e00000| Untracked |  0
|  35|0x00000000c3f00000, 0x00000000c3f2a960, 0x00000000c4000000| 16%| O|  |TAMS 0x00000000c3f00000| PB 0x00000000c3f00000| Updating |  0
|  36|0x00000000c4000000, 0x00000000c40c9a80, 0x00000000c4100000| 78%| S|CS|TAMS 0x00000000c4000000| PB 0x00000000c4000000| Complete |  0
|  37|0x00000000c4100000, 0x00000000c4100000, 0x00000000c4200000|  0%| F|  |TAMS 0x00000000c4100000| PB 0x00000000c4100000| Untracked |  0
|  38|0x00000000c4200000, 0x00000000c4200000, 0x00000000c4300000|  0%| F|  |TAMS 0x00000000c4200000| PB 0x00000000c4200000| Untracked |  0
|  39|0x00000000c4300000, 0x00000000c4400000, 0x00000000c4400000|100%| S|CS|TAMS 0x00000000c4300000| PB 0x00000000c4300000| Complete |  0
|  40|0x00000000c4400000, 0x00000000c4400000, 0x00000000c4500000|  0%| F|  |TAMS 0x00000000c4400000| PB 0x00000000c4400000| Untracked |  0
|  41|0x00000000c4500000, 0x00000000c4500000, 0x00000000c4600000|  0%| F|  |TAMS 0x00000000c4500000| PB 0x00000000c4500000| Untracked |  0
|  42|0x00000000c4600000, 0x00000000c4600000, 0x00000000c4700000|  0%| F|  |TAMS 0x00000000c4600000| PB 0x00000000c4600000| Untracked |  0
|  43|0x00000000c4700000, 0x00000000c4700000, 0x00000000c4800000|  0%| F|  |TAMS 0x00000000c4700000| PB 0x00000000c4700000| Untracked |  0
|  44|0x00000000c4800000, 0x00000000c4800000, 0x00000000c4900000|  0%| F|  |TAMS 0x00000000c4800000| PB 0x00000000c4800000| Untracked |  0
|  45|0x00000000c4900000, 0x00000000c4900000, 0x00000000c4a00000|  0%| F|  |TAMS 0x00000000c4900000| PB 0x00000000c4900000| Untracked |  0
|  46|0x00000000c4a00000, 0x00000000c4a00000, 0x00000000c4b00000|  0%| F|  |TAMS 0x00000000c4a00000| PB 0x00000000c4a00000| Untracked |  0
|  47|0x00000000c4b00000, 0x00000000c4b00000, 0x00000000c4c00000|  0%| F|  |TAMS 0x00000000c4b00000| PB 0x00000000c4b00000| Untracked |  0
|  48|0x00000000c4c00000, 0x00000000c4c00000, 0x00000000c4d00000|  0%| F|  |TAMS 0x00000000c4c00000| PB 0x00000000c4c00000| Untracked |  0
|  49|0x00000000c4d00000, 0x00000000c4d00000, 0x00000000c4e00000|  0%| F|  |TAMS 0x00000000c4d00000| PB 0x00000000c4d00000| Untracked |  0
|  50|0x00000000c4e00000, 0x00000000c4e00000, 0x00000000c4f00000|  0%| F|  |TAMS 0x00000000c4e00000| PB 0x00000000c4e00000| Untracked |  0
|  51|0x00000000c4f00000, 0x00000000c4f00000, 0x00000000c5000000|  0%| F|  |TAMS 0x00000000c4f00000| PB 0x00000000c4f00000| Untracked |  0
|  52|0x00000000c5000000, 0x00000000c5000000, 0x00000000c5100000|  0%| F|  |TAMS 0x00000000c5000000| PB 0x00000000c5000000| Untracked |  0
|  53|0x00000000c5100000, 0x00000000c5100000, 0x00000000c5200000|  0%| F|  |TAMS 0x00000000c5100000| PB 0x00000000c5100000| Untracked |  0
|  54|0x00000000c5200000, 0x00000000c5200000, 0x00000000c5300000|  0%| F|  |TAMS 0x00000000c5200000| PB 0x00000000c5200000| Untracked |  0
|  55|0x00000000c5300000, 0x00000000c5300000, 0x00000000c5400000|  0%| F|  |TAMS 0x00000000c5300000| PB 0x00000000c5300000| Untracked |  0
|  56|0x00000000c5400000, 0x00000000c5400000, 0x00000000c5500000|  0%| F|  |TAMS 0x00000000c5400000| PB 0x00000000c5400000| Untracked |  0
|  57|0x00000000c5500000, 0x00000000c5500000, 0x00000000c5600000|  0%| F|  |TAMS 0x00000000c5500000| PB 0x00000000c5500000| Untracked |  0
|  58|0x00000000c5600000, 0x00000000c5600000, 0x00000000c5700000|  0%| F|  |TAMS 0x00000000c5600000| PB 0x00000000c5600000| Untracked |  0
|  63|0x00000000c5b00000, 0x00000000c5bd68c8, 0x00000000c5c00000| 83%| E|  |TAMS 0x00000000c5b00000| PB 0x00000000c5b00000| Complete |  0

Card table byte_map: [0x000001aef9a60000,0x000001aef9c60000] _byte_map_base: 0x000001aef9452000

Marking Bits: (CMBitMap*) 0x000001aeec4a9a40
 Bits: [0x000001aef9c60000, 0x000001aefabf0000)

Polling page: 0x000001aeec520000

Metaspace:

Usage:
  Non-class:     58.39 MB used.
      Class:      9.84 MB used.
       Both:     68.23 MB used.

Virtual space:
  Non-class space:       64.00 MB reserved,      58.81 MB ( 92%) committed,  1 nodes.
      Class space:        1.00 GB reserved,      10.19 MB ( <1%) committed,  1 nodes.
             Both:        1.06 GB reserved,      69.00 MB (  6%) committed. 

Chunk freelists:
   Non-Class:  4.60 MB
       Class:  5.74 MB
        Both:  10.34 MB

MaxMetaspaceSize: unlimited
CompressedClassSpaceSize: 1.00 GB
Initial GC threshold: 21.00 MB
Current GC threshold: 98.69 MB
CDS: on
 - commit_granule_bytes: 65536.
 - commit_granule_words: 8192.
 - virtual_space_node_default_size: 8388608.
 - enlarge_chunks_in_place: 1.
 - use_allocation_guard: 0.


Internal statistics:

num_allocs_failed_limit: 9.
num_arena_births: 1036.
num_arena_deaths: 168.
num_vsnodes_births: 2.
num_vsnodes_deaths: 0.
num_space_committed: 1104.
num_space_uncommitted: 0.
num_chunks_returned_to_freelist: 201.
num_chunks_taken_from_freelist: 3489.
num_chunk_merges: 42.
num_chunk_splits: 2440.
num_chunks_enlarged: 1884.
num_inconsistent_stats: 0.

CodeCache: size=49152Kb used=12345Kb max_used=12418Kb free=36807Kb
 bounds [0x000001aef5f80000, 0x000001aef6bb0000, 0x000001aef8f80000]
 total_blobs=7730 nmethods=6895 adapters=759
 compilation: enabled
              stopped_count=0, restarted_count=0
 full_count=0

Compilation events (20 events):
Event: 56.045 Thread 0x000001aefd653160 6994       1       org.jboss.logging.Logger::isTraceEnabled (8 bytes)
Event: 56.045 Thread 0x000001aefd653160 nmethod 6994 0x000001aef6b9e310 code [0x000001aef6b9e4a0, 0x000001aef6b9e590]
Event: 56.045 Thread 0x000001aefd653160 6995       1       org.hibernate.query.sqm.tree.jpa.AbstractJpaTupleElement::getNodeType (5 bytes)
Event: 56.045 Thread 0x000001aefd653160 nmethod 6995 0x000001aef6b9e610 code [0x000001aef6b9e7a0, 0x000001aef6b9e868]
Event: 56.072 Thread 0x000001aefd653160 6996       1       java.lang.invoke.DirectMethodHandle$Holder::invokeStatic (26 bytes)
Event: 56.072 Thread 0x000001aefd653160 nmethod 6996 0x000001aef6b9e910 code [0x000001aef6b9eac0, 0x000001aef6b9ec00]
Event: 56.072 Thread 0x000001aefd653160 6997       1       java.lang.invoke.BoundMethodHandle$Species_LLLLL::make (18 bytes)
Event: 56.072 Thread 0x000001aefd653160 nmethod 6997 0x000001aef6b9ed10 code [0x000001aef6b9eea0, 0x000001aef6b9f010]
Event: 56.072 Thread 0x000001aefd653160 6998       1       java.lang.invoke.BoundMethodHandle$Species_LLLLL::<init> (36 bytes)
Event: 56.072 Thread 0x000001aefd653160 nmethod 6998 0x000001aef6b9f110 code [0x000001aef6b9f2c0, 0x000001aef6b9f5b0]
Event: 56.075 Thread 0x000001aefd653160 6999       1       java.lang.Character::charValue (5 bytes)
Event: 56.076 Thread 0x000001aefd653160 nmethod 6999 0x000001aef6b9f690 code [0x000001aef6b9f820, 0x000001aef6b9f8f0]
Event: 56.094 Thread 0x000001aefd653160 7000       1       java.util.Collections$SetFromMap::contains (11 bytes)
Event: 56.094 Thread 0x000001aefd653160 nmethod 7000 0x000001aef6b9f990 code [0x000001aef6b9fb20, 0x000001aef6b9fc18]
Event: 56.240 Thread 0x000001aefd653160 7001       1       java.util.concurrent.ThreadPoolExecutor::runStateAtLeast (11 bytes)
Event: 56.240 Thread 0x000001aefd653160 nmethod 7001 0x000001aef6b9fc90 code [0x000001aef6b9fe20, 0x000001aef6b9fed8]
Event: 56.602 Thread 0x000001aefd653160 7002       1       java.security.Permissions::getPermissionCollection (39 bytes)
Event: 56.603 Thread 0x000001aefd653160 nmethod 7002 0x000001aef6b9ff90 code [0x000001aef6ba0140, 0x000001aef6ba0318]
Event: 57.109 Thread 0x000001aefd653160 7003       1       java.security.Permissions::add (54 bytes)
Event: 57.109 Thread 0x000001aefd653160 nmethod 7003 0x000001aef6ba0410 code [0x000001aef6ba05e0, 0x000001aef6ba08d8]

GC Heap History (20 events):
Event: 12.417 GC heap before
{Heap before GC invocations=7 (full 0):
 garbage-first heap   total reserved 1019904K, committed 61440K, used 46560K [0x00000000c1c00000, 0x0000000100000000)
  region size 1024K, 27 young (27648K), 2 survivors (2048K)
 Metaspace       used 30176K, committed 30720K, reserved 1114112K
  class space    used 4112K, committed 4352K, reserved 1048576K
}
Event: 12.430 GC heap after
{Heap after GC invocations=8 (full 0):
 garbage-first heap   total reserved 1019904K, committed 61440K, used 24021K [0x00000000c1c00000, 0x0000000100000000)
  region size 1024K, 4 young (4096K), 4 survivors (4096K)
 Metaspace       used 30176K, committed 30720K, reserved 1114112K
  class space    used 4112K, committed 4352K, reserved 1048576K
}
Event: 30.886 GC heap before
{Heap before GC invocations=8 (full 0):
 garbage-first heap   total reserved 1019904K, committed 61440K, used 49621K [0x00000000c1c00000, 0x0000000100000000)
  region size 1024K, 29 young (29696K), 4 survivors (4096K)
 Metaspace       used 33932K, committed 34496K, reserved 1114112K
  class space    used 4696K, committed 4928K, reserved 1048576K
}
Event: 30.895 GC heap after
{Heap after GC invocations=9 (full 0):
 garbage-first heap   total reserved 1019904K, committed 61440K, used 26028K [0x00000000c1c00000, 0x0000000100000000)
  region size 1024K, 4 young (4096K), 4 survivors (4096K)
 Metaspace       used 33932K, committed 34496K, reserved 1114112K
  class space    used 4696K, committed 4928K, reserved 1048576K
}
Event: 36.378 GC heap before
{Heap before GC invocations=9 (full 0):
 garbage-first heap   total reserved 1019904K, committed 61440K, used 42412K [0x00000000c1c00000, 0x0000000100000000)
  region size 1024K, 21 young (21504K), 4 survivors (4096K)
 Metaspace       used 35600K, committed 36160K, reserved 1114112K
  class space    used 4921K, committed 5184K, reserved 1048576K
}
Event: 36.396 GC heap after
{Heap after GC invocations=10 (full 0):
 garbage-first heap   total reserved 1019904K, committed 61440K, used 27410K [0x00000000c1c00000, 0x0000000100000000)
  region size 1024K, 2 young (2048K), 2 survivors (2048K)
 Metaspace       used 35600K, committed 36160K, reserved 1114112K
  class space    used 4921K, committed 5184K, reserved 1048576K
}
Event: 38.674 GC heap before
{Heap before GC invocations=11 (full 0):
 garbage-first heap   total reserved 1019904K, committed 61440K, used 51986K [0x00000000c1c00000, 0x0000000100000000)
  region size 1024K, 26 young (26624K), 2 survivors (2048K)
 Metaspace       used 40818K, committed 41344K, reserved 1114112K
  class space    used 5728K, committed 5952K, reserved 1048576K
}
Event: 38.678 GC heap after
{Heap after GC invocations=12 (full 0):
 garbage-first heap   total reserved 1019904K, committed 61440K, used 28473K [0x00000000c1c00000, 0x0000000100000000)
  region size 1024K, 3 young (3072K), 3 survivors (3072K)
 Metaspace       used 40818K, committed 41344K, reserved 1114112K
  class space    used 5728K, committed 5952K, reserved 1048576K
}
Event: 43.459 GC heap before
{Heap before GC invocations=12 (full 0):
 garbage-first heap   total reserved 1019904K, committed 61440K, used 52025K [0x00000000c1c00000, 0x0000000100000000)
  region size 1024K, 27 young (27648K), 3 survivors (3072K)
 Metaspace       used 49579K, committed 50176K, reserved 1114112K
  class space    used 6883K, committed 7104K, reserved 1048576K
}
Event: 43.472 GC heap after
{Heap after GC invocations=13 (full 0):
 garbage-first heap   total reserved 1019904K, committed 61440K, used 30663K [0x00000000c1c00000, 0x0000000100000000)
  region size 1024K, 4 young (4096K), 4 survivors (4096K)
 Metaspace       used 49579K, committed 50176K, reserved 1114112K
  class space    used 6883K, committed 7104K, reserved 1048576K
}
Event: 46.997 GC heap before
{Heap before GC invocations=13 (full 0):
 garbage-first heap   total reserved 1019904K, committed 61440K, used 53191K [0x00000000c1c00000, 0x0000000100000000)
  region size 1024K, 27 young (27648K), 4 survivors (4096K)
 Metaspace       used 53983K, committed 54528K, reserved 1114112K
  class space    used 7515K, committed 7744K, reserved 1048576K
}
Event: 47.020 GC heap after
{Heap after GC invocations=14 (full 0):
 garbage-first heap   total reserved 1019904K, committed 61440K, used 32737K [0x00000000c1c00000, 0x0000000100000000)
  region size 1024K, 4 young (4096K), 4 survivors (4096K)
 Metaspace       used 53983K, committed 54528K, reserved 1114112K
  class space    used 7515K, committed 7744K, reserved 1048576K
}
Event: 50.730 GC heap before
{Heap before GC invocations=14 (full 0):
 garbage-first heap   total reserved 1019904K, committed 61440K, used 50145K [0x00000000c1c00000, 0x0000000100000000)
  region size 1024K, 23 young (23552K), 4 survivors (4096K)
 Metaspace       used 59845K, committed 60480K, reserved 1114112K
  class space    used 8474K, committed 8704K, reserved 1048576K
}
Event: 50.741 GC heap after
{Heap after GC invocations=15 (full 0):
 garbage-first heap   total reserved 1019904K, committed 61440K, used 33544K [0x00000000c1c00000, 0x0000000100000000)
  region size 1024K, 3 young (3072K), 3 survivors (3072K)
 Metaspace       used 59845K, committed 60480K, reserved 1114112K
  class space    used 8474K, committed 8704K, reserved 1048576K
}
Event: 51.741 GC heap before
{Heap before GC invocations=16 (full 0):
 garbage-first heap   total reserved 1019904K, committed 61440K, used 54024K [0x00000000c1c00000, 0x0000000100000000)
  region size 1024K, 23 young (23552K), 3 survivors (3072K)
 Metaspace       used 62589K, committed 63232K, reserved 1114112K
  class space    used 8950K, committed 9216K, reserved 1048576K
}
Event: 51.745 GC heap after
{Heap after GC invocations=17 (full 0):
 garbage-first heap   total reserved 1019904K, committed 61440K, used 33978K [0x00000000c1c00000, 0x0000000100000000)
  region size 1024K, 2 young (2048K), 2 survivors (2048K)
 Metaspace       used 62589K, committed 63232K, reserved 1114112K
  class space    used 8950K, committed 9216K, reserved 1048576K
}
Event: 55.061 GC heap before
{Heap before GC invocations=17 (full 0):
 garbage-first heap   total reserved 1019904K, committed 61440K, used 55482K [0x00000000c1c00000, 0x0000000100000000)
  region size 1024K, 23 young (23552K), 2 survivors (2048K)
 Metaspace       used 66697K, committed 67392K, reserved 1114112K
  class space    used 9505K, committed 9792K, reserved 1048576K
}
Event: 55.072 GC heap after
{Heap after GC invocations=18 (full 0):
 garbage-first heap   total reserved 1019904K, committed 61440K, used 34783K [0x00000000c1c00000, 0x0000000100000000)
  region size 1024K, 3 young (3072K), 3 survivors (3072K)
 Metaspace       used 66697K, committed 67392K, reserved 1114112K
  class space    used 9505K, committed 9792K, reserved 1048576K
}
Event: 57.257 GC heap before
{Heap before GC invocations=18 (full 0):
 garbage-first heap   total reserved 1019904K, committed 61440K, used 54239K [0x00000000c1c00000, 0x0000000100000000)
  region size 1024K, 23 young (23552K), 3 survivors (3072K)
 Metaspace       used 69711K, committed 70464K, reserved 1114112K
  class space    used 10039K, committed 10368K, reserved 1048576K
}
Event: 57.264 GC heap after
{Heap after GC invocations=19 (full 0):
 garbage-first heap   total reserved 1019904K, committed 61440K, used 36816K [0x00000000c1c00000, 0x0000000100000000)
  region size 1024K, 2 young (2048K), 2 survivors (2048K)
 Metaspace       used 69711K, committed 70464K, reserved 1114112K
  class space    used 10039K, committed 10368K, reserved 1048576K
}

Dll operation events (13 events):
Event: 0.036 Loaded shared library C:\Users\hp\.jdks\openjdk-22.0.1\bin\java.dll
Event: 0.312 Loaded shared library C:\Users\hp\.jdks\openjdk-22.0.1\bin\zip.dll
Event: 0.322 Loaded shared library C:\Users\hp\.jdks\openjdk-22.0.1\bin\instrument.dll
Event: 0.329 Loaded shared library C:\Users\hp\.jdks\openjdk-22.0.1\bin\net.dll
Event: 0.332 Loaded shared library C:\Users\hp\.jdks\openjdk-22.0.1\bin\nio.dll
Event: 0.339 Loaded shared library C:\Users\hp\.jdks\openjdk-22.0.1\bin\zip.dll
Event: 0.466 Loaded shared library C:\Users\hp\.jdks\openjdk-22.0.1\bin\jimage.dll
Event: 0.958 Loaded shared library C:\Users\hp\AppData\Local\JetBrains\IntelliJ IDEA 2024.3\bin\breakgen64.dll
Event: 0.992 Loaded shared library C:\Users\hp\.jdks\openjdk-22.0.1\bin\extnet.dll
Event: 1.051 Loaded shared library C:\Users\hp\.jdks\openjdk-22.0.1\bin\management.dll
Event: 1.074 Loaded shared library C:\Users\hp\.jdks\openjdk-22.0.1\bin\management_ext.dll
Event: 5.579 Loaded shared library C:\Users\hp\.jdks\openjdk-22.0.1\bin\sunmscapi.dll
Event: 38.560 Loaded shared library C:\Users\hp\.jdks\openjdk-22.0.1\bin\verify.dll

Deoptimization events (8 events):
Event: 8.182 Thread 0x000001aec671c340 DEOPT PACKING pc=0x000001aef654e541 sp=0x000000788aafc470
Event: 8.182 Thread 0x000001aec671c340 DEOPT UNPACKING pc=0x000001aef5fd4e42 sp=0x000000788aafb978 mode 3
Event: 12.097 Thread 0x000001aec671c340 DEOPT PACKING pc=0x000001aef6834dec sp=0x000000788aafd730
Event: 12.097 Thread 0x000001aec671c340 DEOPT UNPACKING pc=0x000001aef5fd4e42 sp=0x000000788aafcbf0 mode 0
Event: 39.777 Thread 0x000001aec5b0c360 DEOPT PACKING pc=0x000001aef61d64bc sp=0x0000007889efebc0
Event: 39.777 Thread 0x000001aec5b0c360 DEOPT UNPACKING pc=0x000001aef5fd4e42 sp=0x0000007889efe058 mode 0
Event: 47.083 Thread 0x000001aec671b620 DEOPT PACKING pc=0x000001aef61d64bc sp=0x000000788adfec10
Event: 47.083 Thread 0x000001aec671b620 DEOPT UNPACKING pc=0x000001aef5fd4e42 sp=0x000000788adfe0a8 mode 0

Classes loaded (20 events):
Event: 55.175 Loading class java/util/stream/ReduceOps$CountingSink$OfRef
Event: 55.176 Loading class java/util/stream/ReduceOps$CountingSink
Event: 55.176 Loading class java/util/stream/ReduceOps$CountingSink done
Event: 55.176 Loading class java/util/stream/ReduceOps$CountingSink$OfRef done
Event: 55.342 Loading class java/lang/Character$UnicodeBlock
Event: 55.346 Loading class java/lang/Character$Subset
Event: 55.346 Loading class java/lang/Character$Subset done
Event: 55.349 Loading class java/lang/Character$UnicodeBlock done
Event: 55.496 Loading class java/util/regex/Pattern$Bound
Event: 55.497 Loading class java/util/regex/Pattern$Bound done
Event: 55.498 Loading class java/util/regex/Pattern$Behind
Event: 55.499 Loading class java/util/regex/Pattern$Behind done
Event: 55.715 Loading class sun/reflect/ReflectionFactory
Event: 55.716 Loading class sun/reflect/ReflectionFactory done
Event: 55.716 Loading class sun/reflect/ReflectionFactory$1
Event: 55.716 Loading class sun/reflect/ReflectionFactory$1 done
Event: 55.716 Loading class java/io/OptionalDataException
Event: 55.717 Loading class java/io/OptionalDataException done
Event: 56.112 Loading class java/util/EmptyStackException
Event: 56.114 Loading class java/util/EmptyStackException done

Classes unloaded (20 events):
Event: 50.768 Thread 0x000001aefd61bfe0 Unloading class 0x000001ae8100b000 'java/lang/invoke/LambdaForm$MH+0x000001ae8100b000'
Event: 57.291 Thread 0x000001aefd61bfe0 Unloading class 0x000001ae81511400 'java/lang/invoke/LambdaForm$MH+0x000001ae81511400'
Event: 57.291 Thread 0x000001aefd61bfe0 Unloading class 0x000001ae81511000 'java/lang/invoke/LambdaForm$MH+0x000001ae81511000'
Event: 57.291 Thread 0x000001aefd61bfe0 Unloading class 0x000001ae81510c00 'java/lang/invoke/LambdaForm$MH+0x000001ae81510c00'
Event: 57.291 Thread 0x000001aefd61bfe0 Unloading class 0x000001ae81510800 'java/lang/invoke/LambdaForm$MH+0x000001ae81510800'
Event: 57.291 Thread 0x000001aefd61bfe0 Unloading class 0x000001ae81510400 'java/lang/invoke/LambdaForm$MH+0x000001ae81510400'
Event: 57.291 Thread 0x000001aefd61bfe0 Unloading class 0x000001ae814f8c00 'java/lang/invoke/LambdaForm$MH+0x000001ae814f8c00'
Event: 57.291 Thread 0x000001aefd61bfe0 Unloading class 0x000001ae814f8400 'java/lang/invoke/LambdaForm$MH+0x000001ae814f8400'
Event: 57.291 Thread 0x000001aefd61bfe0 Unloading class 0x000001ae814f8000 'java/lang/invoke/LambdaForm$MH+0x000001ae814f8000'
Event: 57.291 Thread 0x000001aefd61bfe0 Unloading class 0x000001ae814f6800 'java/lang/invoke/LambdaForm$MH+0x000001ae814f6800'
Event: 57.291 Thread 0x000001aefd61bfe0 Unloading class 0x000001ae814f6400 'java/lang/invoke/LambdaForm$MH+0x000001ae814f6400'
Event: 57.291 Thread 0x000001aefd61bfe0 Unloading class 0x000001ae814f5800 'java/lang/invoke/LambdaForm$MH+0x000001ae814f5800'
Event: 57.291 Thread 0x000001aefd61bfe0 Unloading class 0x000001ae814f5400 'java/lang/invoke/LambdaForm$MH+0x000001ae814f5400'
Event: 57.291 Thread 0x000001aefd61bfe0 Unloading class 0x000001ae814ec800 'java/lang/invoke/LambdaForm$MH+0x000001ae814ec800'
Event: 57.291 Thread 0x000001aefd61bfe0 Unloading class 0x000001ae814ec400 'java/lang/invoke/LambdaForm$MH+0x000001ae814ec400'
Event: 57.291 Thread 0x000001aefd61bfe0 Unloading class 0x000001ae814ec000 'java/lang/invoke/LambdaForm$BMH+0x000001ae814ec000'
Event: 57.291 Thread 0x000001aefd61bfe0 Unloading class 0x000001ae813b1800 'java/lang/invoke/LambdaForm$MH+0x000001ae813b1800'
Event: 57.291 Thread 0x000001aefd61bfe0 Unloading class 0x000001ae810d5400 'java/lang/invoke/LambdaForm$MH+0x000001ae810d5400'
Event: 57.291 Thread 0x000001aefd61bfe0 Unloading class 0x000001ae810d5000 'java/lang/invoke/LambdaForm$MH+0x000001ae810d5000'
Event: 57.291 Thread 0x000001aefd61bfe0 Unloading class 0x000001ae810d4800 'java/lang/invoke/LambdaForm$MH+0x000001ae810d4800'

Classes redefined (0 events):
No events

Internal exceptions (20 events):
Event: 51.617 Thread 0x000001aec671c340 Exception <a 'java/lang/NoSuchMethodError'{0x00000000c4673a80}: 'void java.lang.invoke.DirectMethodHandle$Holder.invokeSpecial(java.lang.Object, java.lang.Object, java.lang.Object, java.lang.Object, java.lang.Object, java.lang.Object, java.lang.Object, java.lang.Object, java.lang.Object, java.lang.Object, java.lang.Object, java.lang.Object, java.lang.Object)'> (0x00000000c4673a80) 
thrown [s\open\src\hotspot\share\interpreter\linkResolver.cpp, line 774]
Event: 51.618 Thread 0x000001aec671c340 Exception <a 'java/lang/NoSuchMethodError'{0x00000000c4680f98}: 'java.lang.Object java.lang.invoke.DirectMethodHandle$Holder.newInvokeSpecial(java.lang.Object, java.lang.Object, java.lang.Object, java.lang.Object, java.lang.Object, java.lang.Object, java.lang.Object, java.lang.Object, java.lang.Object, java.lang.Object, java.lang.Object, java.lang.Object)'> (0x00000000c4680f98) 
thrown [s\open\src\hotspot\share\interpreter\linkResolver.cpp, line 774]
Event: 51.618 Thread 0x000001aec671c340 Exception <a 'java/lang/NoSuchMethodError'{0x00000000c46858c0}: 'java.lang.Object java.lang.invoke.DirectMethodHandle$Holder.invokeSpecial(java.lang.Object, java.lang.Object, java.lang.Object, java.lang.Object, java.lang.Object, java.lang.Object, java.lang.Object, java.lang.Object, java.lang.Object, java.lang.Object, java.lang.Object, java.lang.Object, java.lang.Object)'> (0x00000000c46858c0) 
thrown [s\open\src\hotspot\share\interpreter\linkResolver.cpp, line 774]
Event: 51.618 Thread 0x000001aec671c340 Exception <a 'java/lang/NoSuchMethodError'{0x00000000c4689da8}: 'java.lang.Object java.lang.invoke.Invokers$Holder.linkToTargetMethod(java.lang.Object, java.lang.Object, java.lang.Object, java.lang.Object, java.lang.Object, java.lang.Object, java.lang.Object, java.lang.Object, java.lang.Object, java.lang.Object, java.lang.Object, java.lang.Object)'> (0x00000000c4689da8) 
thrown [s\open\src\hotspot\share\interpreter\linkResolver.cpp, line 774]
Event: 51.636 Thread 0x000001aec671c340 Exception <a 'java/lang/IncompatibleClassChangeError'{0x00000000c4515c08}: Found class java.lang.Object, but interface was expected> (0x00000000c4515c08) 
thrown [s\open\src\hotspot\share\interpreter\linkResolver.cpp, line 841]
Event: 51.690 Thread 0x000001aec671c340 Exception <a 'java/lang/IncompatibleClassChangeError'{0x00000000c410e9f8}: Found class java.lang.Object, but interface was expected> (0x00000000c410e9f8) 
thrown [s\open\src\hotspot\share\interpreter\linkResolver.cpp, line 841]
Event: 51.719 Thread 0x000001aec671c340 Exception <a 'java/lang/NoSuchMethodError'{0x00000000c419d358}: 'java.lang.Object java.lang.invoke.DirectMethodHandle$Holder.newInvokeSpecial(java.lang.Object, java.lang.Object, java.lang.Object, java.lang.Object, java.lang.Object, java.lang.Object, java.lang.Object, int)'> (0x00000000c419d358) 
thrown [s\open\src\hotspot\share\interpreter\linkResolver.cpp, line 774]
Event: 51.719 Thread 0x000001aec671c340 Exception <a 'java/lang/NoSuchMethodError'{0x00000000c41a1998}: 'java.lang.Object java.lang.invoke.DirectMethodHandle$Holder.invokeSpecial(java.lang.Object, java.lang.Object, java.lang.Object, java.lang.Object, java.lang.Object, java.lang.Object, java.lang.Object, java.lang.Object, int)'> (0x00000000c41a1998) 
thrown [s\open\src\hotspot\share\interpreter\linkResolver.cpp, line 774]
Event: 51.719 Thread 0x000001aec671c340 Exception <a 'java/lang/NoSuchMethodError'{0x00000000c41a59c0}: 'java.lang.Object java.lang.invoke.Invokers$Holder.linkToTargetMethod(java.lang.Object, java.lang.Object, java.lang.Object, java.lang.Object, java.lang.Object, java.lang.Object, int, java.lang.Object)'> (0x00000000c41a59c0) 
thrown [s\open\src\hotspot\share\interpreter\linkResolver.cpp, line 774]
Event: 51.782 Thread 0x000001aec671c340 Exception <a 'java/lang/NoSuchMethodError'{0x00000000c5bb8ab0}: 'java.lang.Object java.lang.invoke.DirectMethodHandle$Holder.newInvokeSpecial(java.lang.Object, java.lang.Object, int, java.lang.Object, int, java.lang.Object, java.lang.Object)'> (0x00000000c5bb8ab0) 
thrown [s\open\src\hotspot\share\interpreter\linkResolver.cpp, line 774]
Event: 51.952 Thread 0x000001aec671c340 Exception <a 'java/lang/NoSuchMethodError'{0x00000000c5312e78}: 'void java.lang.invoke.DirectMethodHandle$Holder.invokeStatic(java.lang.Object, java.lang.Object, java.lang.Object, java.lang.Object, java.lang.Object, java.lang.Object, java.lang.Object, java.lang.Object, java.lang.Object)'> (0x00000000c5312e78) 
thrown [s\open\src\hotspot\share\interpreter\linkResolver.cpp, line 774]
Event: 54.128 Thread 0x000001aec671c340 Exception <a 'java/lang/NoSuchMethodError'{0x00000000c51b4bd8}: 'java.lang.Object java.lang.invoke.DirectMethodHandle$Holder.invokeSpecial(java.lang.Object, java.lang.Object, int, java.lang.Object, int)'> (0x00000000c51b4bd8) 
thrown [s\open\src\hotspot\share\interpreter\linkResolver.cpp, line 774]
Event: 54.523 Thread 0x000001aec671c340 Exception <a 'java/lang/IncompatibleClassChangeError'{0x00000000c4b8b140}: Found class java.lang.Object, but interface was expected> (0x00000000c4b8b140) 
thrown [s\open\src\hotspot\share\interpreter\linkResolver.cpp, line 841]
Event: 54.618 Thread 0x000001aec671c340 Exception <a 'java/lang/IncompatibleClassChangeError'{0x00000000c496fa58}: Found class java.lang.Object, but interface was expected> (0x00000000c496fa58) 
thrown [s\open\src\hotspot\share\interpreter\linkResolver.cpp, line 841]
Event: 55.057 Thread 0x000001aec671c340 Exception <a 'java/lang/IncompatibleClassChangeError'{0x00000000c43cbdb0}: Found class java.lang.Object, but interface was expected> (0x00000000c43cbdb0) 
thrown [s\open\src\hotspot\share\interpreter\linkResolver.cpp, line 841]
Event: 55.396 Thread 0x000001aec671c340 Exception <a 'java/lang/IncompatibleClassChangeError'{0x00000000c55c52b8}: Found class java.lang.Object, but interface was expected> (0x00000000c55c52b8) 
thrown [s\open\src\hotspot\share\interpreter\linkResolver.cpp, line 841]
Event: 55.551 Thread 0x000001aec671c340 Exception <a 'java/lang/NoSuchMethodError'{0x00000000c536a078}: 'java.lang.Object java.lang.invoke.DirectMethodHandle$Holder.invokeStatic(java.lang.Object, int, java.lang.Object)'> (0x00000000c536a078) 
thrown [s\open\src\hotspot\share\interpreter\linkResolver.cpp, line 774]
Event: 55.661 Thread 0x000001aec671c340 Exception <a 'java/lang/NoSuchMethodError'{0x00000000c504a360}: 'int java.lang.invoke.DirectMethodHandle$Holder.invokeStaticInit(java.lang.Object, int, java.lang.Object, java.lang.Object, java.lang.Object, java.lang.Object)'> (0x00000000c504a360) 
thrown [s\open\src\hotspot\share\interpreter\linkResolver.cpp, line 774]
Event: 55.916 Thread 0x000001aec671c340 Exception <a 'java/lang/ClassNotFoundException'{0x00000000c4c5c428}: ma/emsi/testautomation/controller/GroovyControllerBeanInfo> (0x00000000c4c5c428) 
thrown [s\open\src\hotspot\share\classfile\systemDictionary.cpp, line 313]
Event: 55.919 Thread 0x000001aec671c340 Exception <a 'java/lang/ClassNotFoundException'{0x00000000c4c63848}: ma/emsi/testautomation/controller/GroovyControllerCustomizer> (0x00000000c4c63848) 
thrown [s\open\src\hotspot\share\classfile\systemDictionary.cpp, line 313]

ZGC Phase Switch (0 events):
No events

VM Operations (20 events):
Event: 51.750 Executing VM operation: HandshakeAllThreads (Deoptimize) done
Event: 52.006 Executing VM operation: HandshakeAllThreads (Deoptimize)
Event: 52.006 Executing VM operation: HandshakeAllThreads (Deoptimize) done
Event: 53.019 Executing VM operation: Cleanup
Event: 53.019 Executing VM operation: Cleanup done
Event: 53.532 Executing VM operation: HandshakeAllThreads (Deoptimize)
Event: 53.532 Executing VM operation: HandshakeAllThreads (Deoptimize) done
Event: 54.544 Executing VM operation: Cleanup
Event: 54.544 Executing VM operation: Cleanup done
Event: 55.061 Executing VM operation: G1CollectForAllocation (G1 Evacuation Pause)
Event: 55.072 Executing VM operation: G1CollectForAllocation (G1 Evacuation Pause) done
Event: 55.106 Executing VM operation: HandshakeAllThreads (Deoptimize)
Event: 55.106 Executing VM operation: HandshakeAllThreads (Deoptimize) done
Event: 55.107 Executing VM operation: HandshakeAllThreads (Deoptimize)
Event: 55.107 Executing VM operation: HandshakeAllThreads (Deoptimize) done
Event: 56.116 Executing VM operation: Cleanup
Event: 56.116 Executing VM operation: Cleanup done
Event: 57.257 Executing VM operation: G1CollectForAllocation (G1 Evacuation Pause)
Event: 57.264 Executing VM operation: G1CollectForAllocation (G1 Evacuation Pause) done
Event: 57.291 Executing VM operation: G1PauseRemark

Events (20 events):
Event: 57.299 Thread 0x000001aefd61bfe0 flushing nmethod 0x000001aef610a490
Event: 57.299 Thread 0x000001aefd61bfe0 flushing nmethod 0x000001aef6089d10
Event: 57.299 Thread 0x000001aefd61bfe0 flushing nmethod 0x000001aef6373310
Event: 57.299 Thread 0x000001aefd61bfe0 flushing nmethod 0x000001aef617d090
Event: 57.299 Thread 0x000001aefd61bfe0 flushing nmethod 0x000001aef617d390
Event: 57.299 Thread 0x000001aefd61bfe0 flushing nmethod 0x000001aef6410d10
Event: 57.299 Thread 0x000001aefd61bfe0 flushing nmethod 0x000001aef64fe790
Event: 57.299 Thread 0x000001aefd61bfe0 flushing nmethod 0x000001aef69d4790
Event: 57.299 Thread 0x000001aefd61bfe0 flushing nmethod 0x000001aef6a46210
Event: 57.299 Thread 0x000001aefd61bfe0 flushing nmethod 0x000001aef6130410
Event: 57.299 Thread 0x000001aefd61bfe0 flushing nmethod 0x000001aef6681b90
Event: 57.299 Thread 0x000001aefd61bfe0 flushing nmethod 0x000001aef610f490
Event: 57.299 Thread 0x000001aefd61bfe0 flushing nmethod 0x000001aef62c1110
Event: 57.299 Thread 0x000001aefd61bfe0 flushing nmethod 0x000001aef63b2d10
Event: 57.299 Thread 0x000001aefd61bfe0 flushing nmethod 0x000001aef68aad10
Event: 57.299 Thread 0x000001aefd61bfe0 flushing nmethod 0x000001aef6192c90
Event: 57.299 Thread 0x000001aefd61bfe0 flushing nmethod 0x000001aef69ef410
Event: 57.299 Thread 0x000001aefd61bfe0 flushing nmethod 0x000001aef621e610
Event: 57.299 Thread 0x000001aefd61bfe0 flushing nmethod 0x000001aef6928090
Event: 57.299 Thread 0x000001aefd61bfe0 flushing nmethod 0x000001aef69c7c10


Dynamic libraries:
0x00007ff644d20000 - 0x00007ff644d2e000 	C:\Users\hp\.jdks\openjdk-22.0.1\bin\java.exe
0x00007ff87d5e0000 - 0x00007ff87d845000 	C:\WINDOWS\SYSTEM32\ntdll.dll
0x00007ff87c540000 - 0x00007ff87c609000 	C:\WINDOWS\System32\KERNEL32.DLL
0x00007ff87ae10000 - 0x00007ff87b1f8000 	C:\WINDOWS\System32\KERNELBASE.dll
0x00007ff87a8d0000 - 0x00007ff87aa1b000 	C:\WINDOWS\System32\ucrtbase.dll
0x00007ff863c50000 - 0x00007ff863c6b000 	C:\Users\hp\.jdks\openjdk-22.0.1\bin\VCRUNTIME140.dll
0x00007ff8744c0000 - 0x00007ff8744d7000 	C:\Users\hp\.jdks\openjdk-22.0.1\bin\jli.dll
0x00007ff87b9e0000 - 0x00007ff87bbaa000 	C:\WINDOWS\System32\USER32.dll
0x00007ff879930000 - 0x00007ff879bca000 	C:\WINDOWS\WinSxS\amd64_microsoft.windows.common-controls_6595b64144ccf1df_6.0.26100.4202_none_3e0698d4e335f517\COMCTL32.dll
0x00007ff87a730000 - 0x00007ff87a757000 	C:\WINDOWS\System32\win32u.dll
0x00007ff87cf90000 - 0x00007ff87d039000 	C:\WINDOWS\System32\msvcrt.dll
0x00007ff87bcf0000 - 0x00007ff87bd1b000 	C:\WINDOWS\System32\GDI32.dll
0x00007ff87aab0000 - 0x00007ff87abe7000 	C:\WINDOWS\System32\gdi32full.dll
0x00007ff87a760000 - 0x00007ff87a803000 	C:\WINDOWS\System32\msvcp_win.dll
0x00007ff87b380000 - 0x00007ff87b3b0000 	C:\WINDOWS\System32\IMM32.DLL
0x00007ff873670000 - 0x00007ff87367c000 	C:\Users\hp\.jdks\openjdk-22.0.1\bin\vcruntime140_1.dll
0x00007ff8407d0000 - 0x00007ff84085e000 	C:\Users\hp\.jdks\openjdk-22.0.1\bin\msvcp140.dll
0x00007ffff7f70000 - 0x00007ffff8cb7000 	C:\Users\hp\.jdks\openjdk-22.0.1\bin\server\jvm.dll
0x00007ff87cd30000 - 0x00007ff87cde3000 	C:\WINDOWS\System32\ADVAPI32.dll
0x00007ff87b4e0000 - 0x00007ff87b586000 	C:\WINDOWS\System32\sechost.dll
0x00007ff87bbd0000 - 0x00007ff87bce5000 	C:\WINDOWS\System32\RPCRT4.dll
0x00007ff87b7f0000 - 0x00007ff87b864000 	C:\WINDOWS\System32\WS2_32.dll
0x00007ff87a5a0000 - 0x00007ff87a5fe000 	C:\WINDOWS\SYSTEM32\POWRPROF.dll
0x00007ff8671c0000 - 0x00007ff8671f5000 	C:\WINDOWS\SYSTEM32\WINMM.dll
0x00007ff86e2f0000 - 0x00007ff86e2fb000 	C:\WINDOWS\SYSTEM32\VERSION.dll
0x00007ff87a580000 - 0x00007ff87a594000 	C:\WINDOWS\SYSTEM32\UMPDC.dll
0x00007ff878b80000 - 0x00007ff878b9b000 	C:\WINDOWS\SYSTEM32\kernel.appcore.dll
0x00007ff86eef0000 - 0x00007ff86eefa000 	C:\Users\hp\.jdks\openjdk-22.0.1\bin\jimage.dll
0x00007ff879ee0000 - 0x00007ff87a121000 	C:\WINDOWS\SYSTEM32\DBGHELP.DLL
0x00007ff87c660000 - 0x00007ff87c9e5000 	C:\WINDOWS\System32\combase.dll
0x00007ff87cdf0000 - 0x00007ff87ced1000 	C:\WINDOWS\System32\OLEAUT32.dll
0x00007ff879dd0000 - 0x00007ff879e09000 	C:\WINDOWS\SYSTEM32\dbgcore.DLL
0x00007ff87abf0000 - 0x00007ff87ac89000 	C:\WINDOWS\System32\bcryptPrimitives.dll
0x00007ff863bb0000 - 0x00007ff863bbf000 	C:\Users\hp\.jdks\openjdk-22.0.1\bin\instrument.dll
0x00007ff863c30000 - 0x00007ff863c4e000 	C:\Users\hp\.jdks\openjdk-22.0.1\bin\java.dll
0x00007ff87bd20000 - 0x00007ff87c462000 	C:\WINDOWS\System32\SHELL32.dll
0x00007ff87b200000 - 0x00007ff87b374000 	C:\WINDOWS\System32\wintypes.dll
0x00007ff87caf0000 - 0x00007ff87cc8e000 	C:\WINDOWS\System32\ole32.dll
0x00007ff877910000 - 0x00007ff878168000 	C:\WINDOWS\SYSTEM32\windows.storage.dll
0x00007ff87b3e0000 - 0x00007ff87b4d1000 	C:\WINDOWS\System32\SHCORE.dll
0x00007ff87c470000 - 0x00007ff87c4da000 	C:\WINDOWS\System32\shlwapi.dll
0x00007ff87a640000 - 0x00007ff87a66f000 	C:\WINDOWS\SYSTEM32\profapi.dll
0x00007ff863b50000 - 0x00007ff863b67000 	C:\Users\hp\.jdks\openjdk-22.0.1\bin\zip.dll
0x00007ff864fb0000 - 0x00007ff864fc0000 	C:\Users\hp\.jdks\openjdk-22.0.1\bin\net.dll
0x00007ff8790e0000 - 0x00007ff87914a000 	C:\WINDOWS\system32\mswsock.dll
0x00007ff863b70000 - 0x00007ff863b86000 	C:\Users\hp\.jdks\openjdk-22.0.1\bin\nio.dll
0x00007ff85e6e0000 - 0x00007ff85e6fa000 	C:\Users\hp\AppData\Local\JetBrains\IntelliJ IDEA 2024.3\bin\breakgen64.dll
0x00007ff8634c0000 - 0x00007ff8634c9000 	C:\Users\hp\.jdks\openjdk-22.0.1\bin\extnet.dll
0x00007ff878660000 - 0x00007ff878787000 	C:\WINDOWS\SYSTEM32\DNSAPI.dll
0x00007ff8785d0000 - 0x00007ff878603000 	C:\WINDOWS\SYSTEM32\IPHLPAPI.DLL
0x00007ff87bbc0000 - 0x00007ff87bbca000 	C:\WINDOWS\System32\NSI.dll
0x00007ff8718b0000 - 0x00007ff8718bb000 	C:\Windows\System32\rasadhlp.dll
0x00007ff870850000 - 0x00007ff8708d6000 	C:\WINDOWS\System32\fwpuclnt.dll
0x00007ff863350000 - 0x00007ff86335a000 	C:\Users\hp\.jdks\openjdk-22.0.1\bin\management.dll
0x00007ff863340000 - 0x00007ff86334b000 	C:\Users\hp\.jdks\openjdk-22.0.1\bin\management_ext.dll
0x00007ff87b3d0000 - 0x00007ff87b3d8000 	C:\WINDOWS\System32\PSAPI.DLL
0x00007ff87a250000 - 0x00007ff87a26b000 	C:\WINDOWS\SYSTEM32\CRYPTSP.dll
0x00007ff879000000 - 0x00007ff87903a000 	C:\WINDOWS\system32\rsaenh.dll
0x00007ff8791b0000 - 0x00007ff8791db000 	C:\WINDOWS\SYSTEM32\USERENV.dll
0x00007ff87a610000 - 0x00007ff87a636000 	C:\WINDOWS\SYSTEM32\bcrypt.dll
0x00007ff879410000 - 0x00007ff87941c000 	C:\WINDOWS\SYSTEM32\CRYPTBASE.dll
0x00007ff81b080000 - 0x00007ff81b098000 	C:\WINDOWS\system32\napinsp.dll
0x00007ff817b90000 - 0x00007ff817ba2000 	C:\WINDOWS\System32\winrnr.dll
0x00007ff844930000 - 0x00007ff844960000 	C:\WINDOWS\system32\nlansp_c.dll
0x00007ff8718c0000 - 0x00007ff8718e0000 	C:\WINDOWS\system32\wshbth.dll
0x00007ff85fe20000 - 0x00007ff85fe6e000 	C:\WINDOWS\SYSTEM32\pdh.dll
0x00007ff85e6a0000 - 0x00007ff85e6b8000 	C:\Program Files\Microsoft SQL Server\160\Shared\instapi160.dll
0x00007ff85b3f0000 - 0x00007ff85b426000 	C:\WINDOWS\SYSTEM32\rasman.dll
0x00007ff8634d0000 - 0x00007ff8634de000 	C:\Users\hp\.jdks\openjdk-22.0.1\bin\sunmscapi.dll
0x00007ff87ac90000 - 0x00007ff87ae07000 	C:\WINDOWS\System32\CRYPT32.dll
0x00007ff879720000 - 0x00007ff879750000 	C:\WINDOWS\SYSTEM32\ncrypt.dll
0x00007ff879630000 - 0x00007ff87966f000 	C:\WINDOWS\SYSTEM32\NTASN1.dll
0x00007ff86e020000 - 0x00007ff86e08d000 	C:\WINDOWS\system32\mscoree.dll
0x00007ff86b1a0000 - 0x00007ff86b23b000 	C:\Windows\Microsoft.NET\Framework64\v4.0.30319\mscoreei.dll
0x00007ff854130000 - 0x00007ff854155000 	C:\Windows\Microsoft.NET\Framework64\v4.0.30319\CorperfmonExt.dll
0x00007ff86a5a0000 - 0x00007ff86a5ac000 	C:\WINDOWS\SYSTEM32\VCRUNTIME140_1_CLR0400.dll
0x00007ff86b240000 - 0x00007ff86b25b000 	C:\WINDOWS\SYSTEM32\VCRUNTIME140_CLR0400.dll
0x00007ff876c70000 - 0x00007ff876c86000 	C:\WINDOWS\SYSTEM32\WTSAPI32.dll
0x00007ff86a4d0000 - 0x00007ff86a59d000 	C:\WINDOWS\SYSTEM32\ucrtbase_clr0400.dll
0x00007ff841fc0000 - 0x00007ff841fea000 	C:\WINDOWS\system32\msscntrs.dll
0x00007ff83df60000 - 0x00007ff83dfc7000 	C:\WINDOWS\SYSTEM32\perf-MSSQL$SQLEXPRESS-sqlctr16.0.1000.6.dll
0x00007ff83e460000 - 0x00007ff83e4c7000 	C:\WINDOWS\SYSTEM32\perf-MSSQLSERVER-sqlctr16.0.1000.6.dll
0x00007ff8767e0000 - 0x00007ff8767eb000 	C:\Windows\System32\rasctrs.dll
0x00007ff83e430000 - 0x00007ff83e453000 	C:\WINDOWS\SYSTEM32\perf-MSSQL16.SQLEXPRESS-sqlagtctr.dll
0x00007ff83cc80000 - 0x00007ff83cca3000 	C:\WINDOWS\SYSTEM32\perf-MSSQL16.MSSQLSERVER-sqlagtctr.dll
0x00007ff813a70000 - 0x00007ff813b03000 	C:\Program Files (x86)\VMware\VMware Workstation\vmPerfmon.dll
0x00007ff872f50000 - 0x00007ff872f62000 	C:\WINDOWS\System32\perfproc.dll
0x00007ff8767d0000 - 0x00007ff8767e0000 	C:\Users\hp\.jdks\openjdk-22.0.1\bin\verify.dll

dbghelp: loaded successfully - version: 4.0.5 - missing functions: none
symbol engine: initialized successfully - sym options: 0x614 - pdb path: .;C:\Users\hp\.jdks\openjdk-22.0.1\bin;C:\WINDOWS\SYSTEM32;C:\WINDOWS\WinSxS\amd64_microsoft.windows.common-controls_6595b64144ccf1df_6.0.26100.4202_none_3e0698d4e335f517;C:\Users\hp\.jdks\openjdk-22.0.1\bin\server;C:\Users\hp\AppData\Local\JetBrains\IntelliJ IDEA 2024.3\bin;C:\Windows\Microsoft.NET\Framework64\v4.0.30319;C:\Program Files\Microsoft SQL Server\160\Shared;C:\Program Files (x86)\VMware\VMware Workstation

VM Arguments:
jvm_args: -XX:TieredStopAtLevel=1 -Dspring.output.ansi.enabled=always -Dcom.sun.management.jmxremote -Dspring.jmx.enabled=true -Dspring.liveBeansView.mbeanDomain -Dspring.application.admin.enabled=true -Dmanagement.endpoints.jmx.exposure.include=* -javaagent:C:\Users\hp\AppData\Local\JetBrains\IntelliJ IDEA 2024.3\lib\idea_rt.jar=62001:C:\Users\hp\AppData\Local\JetBrains\IntelliJ IDEA 2024.3\bin -Dfile.encoding=UTF-8 -Dsun.stdout.encoding=UTF-8 -Dsun.stderr.encoding=UTF-8 
java_command: ma.emsi.testautomation.TestautomationApplication
java_class_path (initial): C:\Users\hp\IdeaProjects\inwi\target\classes;C:\Users\hp\.m2\repository\org\springframework\boot\spring-boot-starter-data-jpa\3.4.3\spring-boot-starter-data-jpa-3.4.3.jar;C:\Users\hp\.m2\repository\org\springframework\boot\spring-boot-starter\3.4.3\spring-boot-starter-3.4.3.jar;C:\Users\hp\.m2\repository\org\springframework\boot\spring-boot-starter-logging\3.4.3\spring-boot-starter-logging-3.4.3.jar;C:\Users\hp\.m2\repository\ch\qos\logback\logback-classic\1.5.16\logback-classic-1.5.16.jar;C:\Users\hp\.m2\repository\ch\qos\logback\logback-core\1.5.16\logback-core-1.5.16.jar;C:\Users\hp\.m2\repository\org\apache\logging\log4j\log4j-to-slf4j\2.24.3\log4j-to-slf4j-2.24.3.jar;C:\Users\hp\.m2\repository\org\slf4j\jul-to-slf4j\2.0.16\jul-to-slf4j-2.0.16.jar;C:\Users\hp\.m2\repository\jakarta\annotation\jakarta.annotation-api\2.1.1\jakarta.annotation-api-2.1.1.jar;C:\Users\hp\.m2\repository\org\yaml\snakeyaml\2.3\snakeyaml-2.3.jar;C:\Users\hp\.m2\repository\org\springframework\boot\spring-boot-starter-jdbc\3.4.3\spring-boot-starter-jdbc-3.4.3.jar;C:\Users\hp\.m2\repository\com\zaxxer\HikariCP\5.1.0\HikariCP-5.1.0.jar;C:\Users\hp\.m2\repository\org\springframework\spring-jdbc\6.2.3\spring-jdbc-6.2.3.jar;C:\Users\hp\.m2\repository\org\hibernate\orm\hibernate-core\6.6.8.Final\hibernate-core-6.6.8.Final.jar;C:\Users\hp\.m2\repository\jakarta\persistence\jakarta.persistence-api\3.1.0\jakarta.persistence-api-3.1.0.jar;C:\Users\hp\.m2\repository\jakarta\transaction\jakarta.transaction-api\2.0.1\jakarta.transaction-api-2.0.1.jar;C:\Users\hp\.m2\repository\org\jboss\logging\jboss-logging\3.6.1.Final\jboss-logging-3.6.1.Final.jar;C:\Users\hp\.m2\repository\org\hibernate\common\hibernate-commons-annotations\7.0.3.Final\hibernate-commons-annotations-7.0.3.Final.jar;C:\Users\hp\.m2\repository\io\smallrye\jandex\3.2.0\jandex-3.2.0.jar;C:\Users\hp\.m2\repository\com\fasterxml\classmate\1.7.0\classmate-1.7.0.jar;C:\Users\hp\.m2\repository\net\bytebuddy\byte-buddy\1.15.11\byte-buddy-1.15.11.jar;C:\Users\hp\.m2\repository\jakarta\inject\jakarta.inject-api\2.0.1\jakarta.inject-api-2.0.1.jar;C:\Users\hp\.m2\repository\org\antlr\antlr4-runtime\4.13.0\antlr4-runtime-4.13.0.jar;C:\Users\hp\.m2\repository\org\springframework\data\spring-data-jpa\3.4.3\spring-data-jpa-3.4.3.jar;C:\Users\hp\.m2\repository\org\springframework\data\spring-data-commons\3.4.3\spring-data-commons-3.4.3.jar;C:\Users\hp\.m2\repository\org\springframework\spring-orm\6.2.3\spring-orm-6.2.3.jar;C:\Users\hp\.m2\repository\org\springframework\spring-context\6.2.3\spring-context-6.2.3.jar;C:\Users\hp\.m2\repository\org\springframework\spring-tx\6.2.3\spring-tx-6.2.3.jar;C:\Users\hp\.m2\repository\org\springframework\spring-beans\6.2.3\spring-beans-6.2.3.jar;C:\Users\hp\.m2\repository\org\slf4j\slf4j-api\2.0.16\slf4j-api-2.0.16.jar;C:\Users\hp\.m2\repository\org\springframework\spring-aspects\6.2.3\spring-aspects-6.2.3.jar;C:\Users\hp\.m2\repository\org\aspectj\aspectjweaver\1.9.22.1\aspectjweaver-1.9.22.1.jar;C:\Users\hp\.m2\repository\org\springframework\boot\spring-boot-starter-web\3.4.3\spring-boot-starter-web-3.4.3.jar;C:\Users\hp\.m2\repository\org\springframework\boot\spring-boot-starter-json\3.4.3\spring-boot-starter-json-3.4.3.jar;C:\Users\hp\.m2\repository\com\fasterxml\jackson\datatype\jackson-datatype-jdk8\2.18.2\jackson-datatype-jdk8-2.18.2.jar;C:\Users\hp\.m2\repository\com\fasterxml\jackson\datatype\jackson-datatype-jsr310\2.18.2\jackson-datatype-jsr310-2.18.2.jar;C:\Users\hp\.m2\repository\com\fasterxml\jackson\module\jackson-module-parameter-names\2.18.2\jackson-module-parameter-names-2.18.2.jar;C:\Users\hp\.m2\repository\org\springframework\boot\spring-boot-starter-tomcat\3.4.3\spring-boot-starter-tomcat-3.4.3.jar;C:\Users\hp\.m2\repository\org\apache\tomcat\embed\tomcat-embed-core\10.1.36\tomcat-embed-core-10.1.36.jar;C:\Users\hp\.m2\repository\org\apache\tomcat\embed\tomcat-embed-el\10.1.36\tomcat-embed-el-10.1.36.jar;C:\Users\hp\.m2\repository\org\apache\tomcat\embed\tomcat-embed-websocket\10.1.36\tomcat-embed-websocket-10.1.36.jar;C:\Users\hp\.m2\repository\org\springframework\spring-web\6.2.3\spring-web-6.2.3.jar;C:\Users\hp\.m2\repository\io\micrometer\micrometer-observation\1.14.4\micrometer-observation-1.14.4.jar;C:\Users\hp\.m2\repository\io\micrometer\micrometer-commons\1.14.4\micrometer-commons-1.14.4.jar;C:\Users\hp\.m2\repository\org\springframework\spring-webmvc\6.2.3\spring-webmvc-6.2.3.jar;C:\Users\hp\.m2\repository\org\springframework\spring-expression\6.2.3\spring-expression-6.2.3.jar;C:\Users\hp\.m2\repository\org\springframework\boot\spring-boot-starter-web-services\3.4.3\spring-boot-starter-web-services-3.4.3.jar;C:\Users\hp\.m2\repository\com\sun\xml\messaging\saaj\saaj-impl\3.0.4\saaj-impl-3.0.4.jar;C:\Users\hp\.m2\repository\jakarta\xml\soap\jakarta.xml.soap-api\3.0.2\jakarta.xml.soap-api-3.0.2.jar;C:\Users\hp\.m2\repository\jakarta\activation\jakarta.activation-api\2.1.3\jakarta.activation-api-2.1.3.jar;C:\Users\hp\.m2\repository\org\eclipse\angus\angus-activation\2.0.2\angus-activation-2.0.2.jar;C:\Users\hp\.m2\repository\jakarta\xml\ws\jakarta.xml.ws-api\4.0.2\jakarta.xml.ws-api-4.0.2.jar;C:\Users\hp\.m2\repository\org\springframework\spring-oxm\6.2.3\spring-oxm-6.2.3.jar;C:\Users\hp\.m2\repository\org\springframework\ws\spring-ws-core\4.0.11\spring-ws-core-4.0.11.jar;C:\Users\hp\.m2\repository\org\springframework\ws\spring-xml\4.0.11\spring-xml-4.0.11.jar;C:\Users\hp\.m2\repository\org\springframework\boot\spring-boot-starter-groovy-templates\3.4.3\spring-boot-starter-groovy-templates-3.4.3.jar;C:\Users\hp\.m2\repository\org\apache\groovy\groovy-templates\4.0.25\groovy-templates-4.0.25.jar;C:\Users\hp\.m2\repository\org\apache\groovy\groovy\4.0.25\groovy-4.0.25.jar;C:\Users\hp\.m2\repository\org\apache\groovy\groovy-xml\4.0.25\groovy-xml-4.0.25.jar;C:\Users\hp\.m2\repository\org\springframework\boot\spring-boot-devtools\3.4.3\spring-boot-devtools-3.4.3.jar;C:\Users\hp\.m2\repository\org\springframework\boot\spring-boot\3.4.3\spring-boot-3.4.3.jar;C:\Users\hp\.m2\repository\org\springframework\boot\spring-boot-autoconfigure\3.4.3\spring-boot-autoconfigure-3.4.3.jar;C:\Users\hp\.m2\repository\net\minidev\json-smart\2.5.2\json-smart-2.5.2.jar;C:\Users\hp\.m2\repository\net\minidev\accessors-smart\2.5.2\accessors-smart-2.5.2.jar;C:\Users\hp\.m2\repository\org\ow2\asm\asm\9.7.1\asm-9.7.1.jar;C:\Users\hp\.m2\repository\org\springframework\spring-core\6.2.3\spring-core-6.2.3.jar;C:\Users\hp\.m2\repository\org\springframework\spring-jcl\6.2.3\spring-jcl-6.2.3.jar;C:\Users\hp\.m2\repository\com\h2database\h2\2.3.232\h2-2.3.232.jar;C:\Users\hp\.m2\repository\org\apache\commons\commons-csv\1.10.0\commons-csv-1.10.0.jar;C:\Users\hp\.m2\repository\org\apache\poi\poi\5.2.3\poi-5.2.3.jar;C:\Users\hp\.m2\repository\commons-codec\commons-codec\1.17.2\commons-codec-1.17.2.jar;C:\Users\hp\.m2\repository\org\apache\commons\commons-collections4\4.4\commons-collections4-4.4.jar;C:\Users\hp\.m2\repository\org\apache\commons\commons-math3\3.6.1\commons-math3-3.6.1.jar;C:\Users\hp\.m2\repository\commons-io\commons-io\2.11.0\commons-io-2.11.0.jar;C:\Users\hp\.m2\repository\com\zaxxer\SparseBitSet\1.2\SparseBitSet-1.2.jar;C:\Users\hp\.m2\repository\org\apache\logging\log4j\log4j-api\2.24.3\log4j-api-2.24.3.jar;C:\Users\hp\.m2\repository\org\apache\poi\poi-ooxml\5.2.3\poi-ooxml-5.2.3.jar;C:\Users\hp\.m2\repository\org\apache\poi\poi-ooxml-lite\5.2.3\poi-ooxml-lite-5.2.3.jar;C:\Users\hp\.m2\repository\org\apache\xmlbeans\xmlbeans\5.1.1\xmlbeans-5.1.1.jar;C:\Users\hp\.m2\repository\org\apache\commons\commons-compress\1.21\commons-compress-1.21.jar;C:\Users\hp\.m2\repository\com\github\virtuald\curvesapi\1.07\curvesapi-1.07.jar;C:\Users\hp\.m2\repository\com\itextpdf\itextpdf\5.5.13.3\itextpdf-5.5.13.3.jar;C:\Users\hp\.m2\repository\jakarta\xml\bind\jakarta.xml.bind-api\3.0.1\jakarta.xml.bind-api-3.0.1.jar;C:\Users\hp\.m2\repository\com\sun\activation\jakarta.activation\2.0.1\jakarta.activation-2.0.1.jar;C:\Users\hp\.m2\repository\org\glassfish\jaxb\jaxb-runtime\2.3.1\jaxb-runtime-2.3.1.jar;C:\Users\hp\.m2\repository\org\glassfish\jaxb\txw2\4.0.5\txw2-4.0.5.jar;C:\Users\hp\.m2\repository\com\sun\istack\istack-commons-runtime\4.1.2\istack-commons-runtime-4.1.2.jar;C:\Users\hp\.m2\repository\org\jvnet\staxex\stax-ex\2.1.0\stax-ex-2.1.0.jar;C:\Users\hp\.m2\repository\com\sun\xml\fastinfoset\FastInfoset\2.1.1\FastInfoset-2.1.1.jar;C:\Users\hp\.m2\repository\javax\activation\javax.activation-api\1.2.0\javax.activation-api-1.2.0.jar;C:\Users\hp\.m2\repository\net\logstash\logback\logstash-logback-encoder\7.4\logstash-logback-encoder-7.4.jar;C:\Users\hp\.m2\repository\com\fasterxml\jackson\core\jackson-databind\2.18.2\jackson-databind-2.18.2.jar;C:\Users\hp\.m2\repository\com\fasterxml\jackson\core\jackson-annotations\2.18.2\jackson-annotations-2.18.2.jar;C:\Users\hp\.m2\repository\com\fasterxml\jackson\core\jackson-core\2.18.2\jackson-core-2.18.2.jar;C:\Users\hp\.m2\repository\org\projectlombok\lombok\1.18.34\lombok-1.18.34.jar;C:\Users\hp\.m2\repository\com\mysql\mysql-connector-j\9.1.0\mysql-connector-j-9.1.0.jar;C:\Users\hp\.m2\repository\javax\xml\bind\jaxb-api\2.3.1\jaxb-api-2.3.1.jar;C:\Users\hp\.m2\repository\org\springframework\boot\spring-boot-starter-security\3.4.3\spring-boot-starter-security-3.4.3.jar;C:\Users\hp\.m2\repository\org\springframework\spring-aop\6.2.3\spring-aop-6.2.3.jar;C:\Users\hp\.m2\repository\org\springframework\security\spring-security-config\6.4.3\spring-security-config-6.4.3.jar;C:\Users\hp\.m2\repository\org\springframework\security\spring-security-web\6.4.3\spring-security-web-6.4.3.jar;C:\Users\hp\.m2\repository\org\springframework\boot\spring-boot-starter-oauth2-client\3.4.3\spring-boot-starter-oauth2-client-3.4.3.jar;C:\Users\hp\.m2\repository\org\springframework\security\spring-security-core\6.4.3\spring-security-core-6.4.3.jar;C:\Users\hp\.m2\repository\org\springframework\security\spring-security-crypto\6.4.3\spring-security-crypto-6.4.3.jar;C:\Users\hp\.m2\repository\org\springframework\security\spring-security-oauth2-client\6.4.3\spring-security-oauth2-client-6.4.3.jar;C:\Users\hp\.m2\repository\org\springframework\security\spring-security-oauth2-core\6.4.3\spring-security-oauth2-core-6.4.3.jar;C:\Users\hp\.m2\repository\com\nimbusds\oauth2-oidc-sdk\9.43.6\oauth2-oidc-sdk-9.43.6.jar;C:\Users\hp\.m2\repository\com\github\stephenc\jcip\jcip-annotations\1.0-1\jcip-annotations-1.0-1.jar;C:\Users\hp\.m2\repository\com\nimbusds\content-type\2.2\content-type-2.2.jar;C:\Users\hp\.m2\repository\com\nimbusds\lang-tag\1.7\lang-tag-1.7.jar;C:\Users\hp\.m2\repository\org\springframework\security\spring-security-oauth2-jose\6.4.3\spring-security-oauth2-jose-6.4.3.jar;C:\Users\hp\.m2\repository\com\nimbusds\nimbus-jose-jwt\9.37.3\nimbus-jose-jwt-9.37.3.jar;C:\Users\hp\.m2\repository\io\jsonwebtoken\jjwt\0.9.1\jjwt-0.9.1.jar;C:\Users\hp\.m2\repository\org\springframework\boot\spring-boot-starter-websocket\3.4.3\spring-boot-starter-websocket-3.4.3.jar;C:\Users\hp\.m2\repository\org\springframework\spring-messaging\6.2.3\spring-messaging-6.2.3.jar;C:\Users\hp\.m2\repository\org\springframework\spring-websocket\6.2.3\spring-websocket-6.2.3.jar
Launcher Type: SUN_STANDARD

[Global flags]
     intx CICompilerCount                          = 4                                         {product} {ergonomic}
     uint ConcGCThreads                            = 2                                         {product} {ergonomic}
     uint G1ConcRefinementThreads                  = 8                                         {product} {ergonomic}
   size_t G1HeapRegionSize                         = 1048576                                   {product} {ergonomic}
   size_t InitialHeapSize                          = 67108864                                  {product} {ergonomic}
     bool ManagementServer                         = true                                      {product} {command line}
   size_t MarkStackSize                            = 4194304                                   {product} {ergonomic}
   size_t MaxHeapSize                              = 1044381696                                {product} {ergonomic}
   size_t MaxNewSize                               = 625999872                                 {product} {ergonomic}
   size_t MinHeapDeltaBytes                        = 1048576                                   {product} {ergonomic}
   size_t MinHeapSize                              = 8388608                                   {product} {ergonomic}
    uintx NonNMethodCodeHeapSize                   = 4096                                   {pd product} {ergonomic}
    uintx NonProfiledCodeHeapSize                  = 0                                      {pd product} {ergonomic}
     bool ProfileInterpreter                       = false                                  {pd product} {command line}
    uintx ProfiledCodeHeapSize                     = 0                                      {pd product} {ergonomic}
   size_t SoftMaxHeapSize                          = 1044381696                             {manageable} {ergonomic}
     intx TieredStopAtLevel                        = 1                                         {product} {command line}
     bool UseCompressedOops                        = true                           {product lp64_product} {ergonomic}
     bool UseG1GC                                  = true                                      {product} {ergonomic}
     bool UseLargePagesIndividualAllocation        = false                                  {pd product} {ergonomic}

Logging:
Log output configuration:
 #0: stdout all=warning uptime,level,tags foldmultilines=false
 #1: stderr all=off uptime,level,tags foldmultilines=false

Environment Variables:
JAVA_HOME=C:\Program Files\Java\jdk-17
PATH=C:\Program Files\Java\jdk-17\bin;C:\Program Files (x86)\Common Files\Oracle\Java\java8path;C:\Program Files (x86)\Common Files\Oracle\Java\javapath;C:\Python312\Scripts\;C:\Python312\;C:\Program Files (x86)\VMware\VMware Workstation\bin\;C:\Program Files\Microsoft\jdk-11.0.16.101-hotspot\bin;C:\WINDOWS\system32;C:\WINDOWS;C:\WINDOWS\System32\Wbem;C:\WINDOWS\System32\WindowsPowerShell\v1.0\;C:\WINDOWS\System32\OpenSSH\;C:\Program Files\Microsoft SQL Server\150\Tools\Binn\;C:\Program Files\Microsoft SQL Server\Client SDK\ODBC\170\Tools\Binn\;C:\Program Files\dotnet\;C:\Program Files (x86)\Microsoft SQL Server\160\Tools\Binn\;C:\Program Files\Microsoft SQL Server\160\Tools\Binn\;C:\Program Files\Microsoft SQL Server\160\DTS\Binn\;C:\Program Files (x86)\Microsoft SQL Server\160\DTS\Binn\;C:\Program Files\Azure Data Studio\bin;C:\ProgramData\chocolatey\bin;C:\Program Files\Git\cmd;C:\Program Files\Devart\EntityDeveloper\Console;C:\Program Files (x86)\Incredibuild;C:\Program Files (x86)\Windows Kits\10\Windows Performance Toolkit\;C:\xampp\php;C:\xampp\php\php.exe;C:\Users\hp\Downloads\php-8.3.9-Win32-vs16-x64 (1);C:\php-8.3.9 - Copie;C:\Program Files\nodejs\;C:\composer;C:\Program Files\Apache\Maven\bin;C:\Users\hp\AppData\Local\Microsoft\WindowsApps;C:\Program Files\Azure Data Studio\bin;C:\Program Files\JetBrains\PyCharm 2023.1.2\bin;C:\Program Files\JetBrains\PyCharm Community Edition 2023.1.2\bin;C:\Users\hp\.dotnet\tools;C:\Users\hp\AppData\Local\Programs\Microsoft VS Code\bin;C:\Program Files\Devart\EntityDeveloper\Console;C:\xampp\php;C:\xampp\php\php.exe;C:\Users\hp\AppData\Roaming\Composer\vendor\bin;C:\Users\hp\AppData\Roaming\npm;C:\Users\hp\AppData\Local\JetBrains\IntelliJ IDEA 2024.3\bin;C:\Users\hp\Downloads\apache-maven-3.9.9-bin\apache-maven-3.9.9;C:\Users\hp\AppData\Local\Microsoft\WindowsApps;C:\Program Files\Azure Data Studio\bin;C:\Program Files\JetBrains\PyCharm 2023.1.2\bin;;C:\Program Files\JetBrains\PyCharm Community Edition 2023.1.2\bin;;C:\Users\hp\.dotnet\tools;C:\Users\hp\AppData\Local\Programs\Microsoft VS Code\bin;C:\Program Files\Devart\EntityDeveloper\Console;C:\xampp\php;C:\xampp\php\php.exe;C:\Users\hp\AppData\Roaming\Composer\vendor\bin;C:\Users\hp\AppData\Roaming\npm;C:\Users\hp\AppData\Local\JetBrains\IntelliJ IDEA 2024.3\bin;;
USERNAME=hp
OS=Windows_NT
PROCESSOR_IDENTIFIER=Intel64 Family 6 Model 142 Stepping 12, GenuineIntel
TMP=C:\Users\hp\AppData\Local\Temp
TEMP=C:\Users\hp\AppData\Local\Temp




Periodic native trim disabled

---------------  S Y S T E M  ---------------

OS:
 Windows 11 , 64 bit Build 26100 (10.0.26100.4202)
OS uptime: 6 days 6:15 hours
Hyper-V role detected

CPU: total 8 (initial active 8) (4 cores per cpu, 2 threads per core) family 6 model 142 stepping 12 microcode 0xde, cx8, cmov, fxsr, ht, mmx, 3dnowpref, sse, sse2, sse3, ssse3, sse4.1, sse4.2, popcnt, lzcnt, tsc, tscinvbit, avx, avx2, aes, erms, clmul, bmi1, bmi2, adx, fma, vzeroupper, clflush, clflushopt, hv, rdtscp, f16c
Processor Information for all 8 processors :
  Max Mhz: 1800, Current Mhz: 1600, Mhz Limit: 1584

Memory: 4k page, system-wide physical 3982M (210M free)
TotalPageFile size 16270M (AvailPageFile size 0M)
current process WorkingSet (physical memory assigned to process): 197M, peak: 198M
current process commit charge ("private bytes"): 278M, peak: 280M

vm_info: OpenJDK 64-Bit Server VM (22.0.1+8-16) for windows-amd64 JRE (22.0.1+8-16), built on 2024-03-12T10:33:16Z by "mach5one" with MS VC++ 17.6 (VS2022)

END.
